<?xml version="1.0" encoding="UTF-8"?>
<!-- Generated by org.testng.reporters.JUnitReportReporter -->
<testsuite skipped="0" hostname="LAPTOP-G2VNV1D2" name="a1_googleTest.A1_GoogleTest" tests="1" failures="0" timestamp="30 Jan 2023 09:13:01 GMT" time="11.776" errors="0">
  <testcase name="verifyGooglePage" time="11.776" classname="a1_googleTest.A1_GoogleTest"/>
</testsuite> <!-- a1_googleTest.A1_GoogleTest -->
