<?xml version="1.0" encoding="UTF-8"?>
<!-- Generated by org.testng.reporters.JUnitReportReporter -->
<testsuite skipped="0" hostname="LAPTOP-G2VNV1D2" name="a2_bingTest.A1_BingTest" tests="1" failures="0" timestamp="30 Jan 2023 09:13:01 GMT" time="5.268" errors="0">
  <testcase name="verifyGooglePge" time="5.268" classname="a2_bingTest.A1_BingTest"/>
</testsuite> <!-- a2_bingTest.A1_BingTest -->
